[0m11:43:47.808584 [debug] [MainThread]: Sending event: {'category': 'dbt', 'action': 'invocation', 'label': 'start', 'context': [<snowplow_tracker.self_describing_json.SelfDescribingJson object at 0x000001419822A510>, <snowplow_tracker.self_describing_json.SelfDescribingJson object at 0x0000014194FA6D50>, <snowplow_tracker.self_describing_json.SelfDescribingJson object at 0x000001419A653ED0>]}


============================== 11:43:47.819069 | 2ca56b65-8293-47e2-82da-de0a26e568af ==============================
[0m11:43:47.819069 [info ] [MainThread]: Running with dbt=1.11.12
[0m11:43:47.820416 [debug] [MainThread]: running dbt with arguments {'version_check': 'True', 'no_print': 'None', 'static_parser': 'True', 'target_path': 'None', 'warn_error_options': 'WarnErrorOptionsV2(error=[], warn=[], silence=[])', 'printer_width': '80', 'write_json': 'True', 'empty': 'None', 'log_cache_events': 'False', 'introspect': 'True', 'cache_selected_only': 'False', 'log_format': 'default', 'debug': 'False', 'fail_fast': 'False', 'profiles_dir': 'C:\\Users\\serha\\.dbt', 'send_anonymous_usage_stats': 'True', 'quiet': 'False', 'warn_error': 'None', 'partial_parse': 'True', 'indirect_selection': 'eager', 'invocation_command': 'dbt init scb_population', 'use_colors': 'True', 'use_experimental_parser': 'False', 'log_path': 'logs'}
[0m11:43:47.867774 [info ] [MainThread]: Creating dbt configuration folder at C:\Users\serha\.dbt
[0m11:43:47.872007 [debug] [MainThread]: Starter project path: C:\projects\scb-etl-dbt-starschema\venv\Lib\site-packages\dbt\include\starter_project
[0m11:43:47.925815 [info ] [MainThread]: 
Your new dbt project "scb_population" was created!

For more information on how to configure the profiles.yml file,
please consult the dbt documentation here:

  https://docs.getdbt.com/docs/configure-your-profile

One more thing:

Need help? Don't hesitate to reach out to us via GitHub issues or on Slack:

  https://community.getdbt.com/

Happy modeling!

[0m11:43:47.926848 [info ] [MainThread]: Setting up your profile.
[0m11:47:53.459922 [info ] [MainThread]: Profile scb_population written to C:\Users\serha\.dbt\profiles.yml using target's profile_template.yml and your supplied values. Run 'dbt debug' to validate the connection.
[0m11:47:53.461660 [debug] [MainThread]: Command `dbt init` succeeded at 11:47:53.461439 after 245.94 seconds
[0m11:47:53.462272 [debug] [MainThread]: Sending event: {'category': 'dbt', 'action': 'invocation', 'label': 'end', 'context': [<snowplow_tracker.self_describing_json.SelfDescribingJson object at 0x000001419A61BCE0>, <snowplow_tracker.self_describing_json.SelfDescribingJson object at 0x000001419A7A1910>, <snowplow_tracker.self_describing_json.SelfDescribingJson object at 0x000001419A60D9D0>]}
[0m11:47:53.462857 [debug] [MainThread]: Flushing usage events
[0m11:47:56.826274 [debug] [MainThread]: An error was encountered while trying to flush usage events
[0m12:31:30.211514 [debug] [MainThread]: Sending event: {'category': 'dbt', 'action': 'invocation', 'label': 'start', 'context': [<snowplow_tracker.self_describing_json.SelfDescribingJson object at 0x0000025E88A1D940>, <snowplow_tracker.self_describing_json.SelfDescribingJson object at 0x0000025E857C6D50>, <snowplow_tracker.self_describing_json.SelfDescribingJson object at 0x0000025E89DCFC50>]}


============================== 12:31:30.219479 | d34a3b77-bf2e-4565-9fac-895751029dd3 ==============================
[0m12:31:30.219479 [info ] [MainThread]: Running with dbt=1.11.12
[0m12:31:30.221397 [debug] [MainThread]: running dbt with arguments {'version_check': 'True', 'no_print': 'None', 'static_parser': 'True', 'warn_error_options': 'WarnErrorOptionsV2(error=[], warn=[], silence=[])', 'target_path': 'None', 'printer_width': '80', 'write_json': 'True', 'empty': 'None', 'log_cache_events': 'False', 'introspect': 'True', 'cache_selected_only': 'False', 'fail_fast': 'False', 'debug': 'False', 'log_format': 'default', 'partial_parse': 'True', 'send_anonymous_usage_stats': 'True', 'quiet': 'False', 'warn_error': 'None', 'profiles_dir': 'C:\\Users\\serha\\.dbt', 'invocation_command': 'dbt debug', 'use_colors': 'True', 'indirect_selection': 'eager', 'use_experimental_parser': 'False', 'log_path': 'logs'}
[0m12:31:30.265277 [info ] [MainThread]: dbt version: 1.11.12
[0m12:31:30.266109 [info ] [MainThread]: python version: 3.13.3
[0m12:31:30.266916 [info ] [MainThread]: python path: C:\projects\scb-etl-dbt-starschema\venv\Scripts\python.exe
[0m12:31:30.267698 [info ] [MainThread]: os info: Windows-11-10.0.26200-SP0
[0m12:31:30.371272 [info ] [MainThread]: Using profiles dir at C:\Users\serha\.dbt
[0m12:31:30.372591 [info ] [MainThread]: Using profiles.yml file at C:\Users\serha\.dbt\profiles.yml
[0m12:31:30.373348 [info ] [MainThread]: Using dbt_project.yml file at C:\projects\scb-etl-dbt-starschema\dbt_project.yml
[0m12:31:30.375502 [info ] [MainThread]: adapter type: postgres
[0m12:31:30.376826 [info ] [MainThread]: adapter version: 1.10.2
[0m12:31:30.377911 [info ] [MainThread]: Configuration:
[0m12:31:30.379206 [info ] [MainThread]:   profiles.yml file [[32mOK found and valid[0m]
[0m12:31:30.380941 [info ] [MainThread]:   dbt_project.yml file [[31mERROR not found[0m]
[0m12:31:30.382205 [info ] [MainThread]: Required dependencies:
[0m12:31:30.383229 [debug] [MainThread]: Executing "git --help"
[0m12:31:30.428713 [debug] [MainThread]: STDOUT: "b"usage: git [-v | --version] [-h | --help] [-C <path>] [-c <name>=<value>]\n           [--exec-path[=<path>]] [--html-path] [--man-path] [--info-path]\n           [-p | --paginate | -P | --no-pager] [--no-replace-objects] [--no-lazy-fetch]\n           [--no-optional-locks] [--no-advice] [--bare] [--git-dir=<path>]\n           [--work-tree=<path>] [--namespace=<name>] [--config-env=<name>=<envvar>]\n           <command> [<args>]\n\nThese are common Git commands used in various situations:\n\nstart a working area (see also: git help tutorial)\n   clone      Clone a repository into a new directory\n   init       Create an empty Git repository or reinitialize an existing one\n\nwork on the current change (see also: git help everyday)\n   add        Add file contents to the index\n   mv         Move or rename a file, a directory, or a symlink\n   restore    Restore working tree files\n   rm         Remove files from the working tree and from the index\n\nexamine the history and state (see also: git help revisions)\n   bisect     Use binary search to find the commit that introduced a bug\n   diff       Show changes between commits, commit and working tree, etc\n   grep       Print lines matching a pattern\n   log        Show commit logs\n   show       Show various types of objects\n   status     Show the working tree status\n\ngrow, mark and tweak your common history\n   backfill   Download missing objects in a partial clone\n   branch     List, create, or delete branches\n   commit     Record changes to the repository\n   merge      Join two or more development histories together\n   rebase     Reapply commits on top of another base tip\n   reset      Reset current HEAD to the specified state\n   switch     Switch branches\n   tag        Create, list, delete or verify a tag object signed with GPG\n\ncollaborate (see also: git help workflows)\n   fetch      Download objects and refs from another repository\n   pull       Fetch from and integrate with another repository or a local branch\n   push       Update remote refs along with associated objects\n\n'git help -a' and 'git help -g' list available subcommands and some\nconcept guides. See 'git help <command>' or 'git help <concept>'\nto read about a specific subcommand or concept.\nSee 'git help git' for an overview of the system.\n""
[0m12:31:30.429526 [debug] [MainThread]: STDERR: "b''"
[0m12:31:30.430491 [info ] [MainThread]:  - git [[32mOK found[0m]

[0m12:31:30.431176 [info ] [MainThread]: Connection:
[0m12:31:30.432040 [info ] [MainThread]:   host: localhost
[0m12:31:30.432829 [info ] [MainThread]:   port: 5433
[0m12:31:30.433462 [info ] [MainThread]:   user: postgres
[0m12:31:30.433888 [info ] [MainThread]:   database: postgres
[0m12:31:30.434560 [info ] [MainThread]:   schema: public
[0m12:31:30.435189 [info ] [MainThread]:   connect_timeout: 10
[0m12:31:30.435973 [info ] [MainThread]:   role: None
[0m12:31:30.437186 [info ] [MainThread]:   search_path: None
[0m12:31:30.438474 [info ] [MainThread]:   keepalives_idle: 0
[0m12:31:30.439736 [info ] [MainThread]:   sslmode: None
[0m12:31:30.440658 [info ] [MainThread]:   sslcert: None
[0m12:31:30.441382 [info ] [MainThread]:   sslkey: None
[0m12:31:30.442286 [info ] [MainThread]:   sslrootcert: None
[0m12:31:30.443030 [info ] [MainThread]:   application_name: dbt
[0m12:31:30.443763 [info ] [MainThread]:   retries: 1
[0m12:31:30.444888 [info ] [MainThread]: Registered adapter: postgres=1.10.2
[0m12:31:30.879519 [debug] [MainThread]: Acquiring new postgres connection 'debug'
[0m12:31:30.994097 [debug] [MainThread]: Using postgres connection "debug"
[0m12:31:30.994616 [debug] [MainThread]: On debug: select 1 as id
[0m12:31:30.995020 [debug] [MainThread]: Opening a new connection, currently in state init
[0m12:31:31.050212 [debug] [MainThread]: SQL status: SELECT 1 in 0.055 seconds
[0m12:31:31.051478 [debug] [MainThread]: On debug: Close
[0m12:31:31.052079 [info ] [MainThread]:   Connection test: [[32mOK connection ok[0m]

[0m12:31:31.052876 [info ] [MainThread]: [31m1 check failed:[0m
[0m12:31:31.053465 [info ] [MainThread]: Project loading failed for the following reason:
 project path <C:\projects\scb-etl-dbt-starschema\dbt_project.yml> not found

[0m12:31:31.057166 [debug] [MainThread]: Command `dbt debug` failed at 12:31:31.056979 after 1.20 seconds
[0m12:31:31.057575 [debug] [MainThread]: Connection 'debug' was properly closed.
[0m12:31:31.057986 [debug] [MainThread]: Sending event: {'category': 'dbt', 'action': 'invocation', 'label': 'end', 'context': [<snowplow_tracker.self_describing_json.SelfDescribingJson object at 0x0000025E8AEBEEA0>, <snowplow_tracker.self_describing_json.SelfDescribingJson object at 0x0000025E8B090EF0>, <snowplow_tracker.self_describing_json.SelfDescribingJson object at 0x0000025E8AE5BF00>]}
[0m12:31:31.058812 [debug] [MainThread]: Flushing usage events
[0m12:31:32.445317 [debug] [MainThread]: An error was encountered while trying to flush usage events
